<?xml version="1.0" encoding="UTF-8"?>
<!-- Generated by org.testng.reporters.JUnitReportReporter -->
<testsuite name="com.demo_tab" tests="2" time="0.012" ignored="0" failures="0" timestamp="22 Aug 2017 19:06:12 GMT" skipped="0" hostname="user-PC" errors="0">
  <testcase name="provide" time="0.001" classname="com.demo_tab"/>
  <testcase name="provide" time="0.011" classname="com.demo_tab"/>
</testsuite> <!-- com.demo_tab -->
