<?xml version="1.0" encoding="UTF-8"?>
<!-- Generated by org.testng.reporters.JUnitReportReporter -->
<testsuite name="com.datadriven" tests="2" time="0.013" ignored="0" failures="0" timestamp="22 Aug 2017 19:05:55 GMT" skipped="0" hostname="user-PC" errors="0">
  <testcase name="main" time="0.011" classname="com.datadriven"/>
  <testcase name="main" time="0.002" classname="com.datadriven"/>
</testsuite> <!-- com.datadriven -->
