<?xml version="1.0" encoding="UTF-8"?>
<!-- Generated by org.testng.reporters.JUnitReportReporter -->
<testsuite name="read.CSV" tests="3" time="0.060" ignored="0" failures="0" timestamp="12 Apr 2018 02:20:56 GMT" skipped="0" hostname="Chinna" errors="0">
  <testcase name="main" time="0.006" classname="read.CSV"/>
  <testcase name="main" time="0.015" classname="read.CSV"/>
  <testcase name="main" time="0.039" classname="read.CSV"/>
</testsuite> <!-- read.CSV -->
