<?xml version="1.0" encoding="UTF-8"?>
<!-- Generated by org.testng.reporters.JUnitReportReporter -->
<testsuite name="write.demoexcel" tests="1" time="0.000" ignored="0" failures="0" timestamp="14 May 2018 18:51:56 GMT" skipped="1" hostname="Chinna" errors="0">
  <testcase name="n" time="0.000" classname="write.demoexcel">
    <skipped/>
  </testcase> <!-- n -->
</testsuite> <!-- write.demoexcel -->
