<?xml version="1.0" encoding="UTF-8"?>
<!-- Generated by org.testng.reporters.JUnitReportReporter -->
<testsuite name="read.datadriven" tests="3" time="0.042" ignored="0" failures="0" timestamp="12 Apr 2018 02:41:11 GMT" skipped="0" hostname="Chinna" errors="0">
  <testcase name="main" time="0.013" classname="read.datadriven"/>
  <testcase name="main" time="0.023" classname="read.datadriven"/>
  <testcase name="main" time="0.006" classname="read.datadriven"/>
</testsuite> <!-- read.datadriven -->
